1654678995108	geckodriver	INFO	Listening on 127.0.0.1:56754
1654678998195	mozrunner::runner	INFO	Running command: "C:\\Program Files\\Mozilla Firefox\\firefox.exe" "--marionette" "--remote-debugging-port" "56755" "-no-remote" "-profile" "C:\\Users\\anand\\AppData\\Local\\Temp\\rust_mozprofileVwKVjS"
1654678999155	Marionette	INFO	Marionette enabled
WebDriver BiDi listening on ws://localhost:56755
console.error: Region.jsm: "Error fetching region" (new TypeError("NetworkError when attempting to fetch resource.", ""))
console.error: Region.jsm: "Failed to fetch region" (new Error("NO_RESULT", "resource://gre/modules/Region.jsm", 419))
console.warn: SearchSettings: "get: No settings file exists, new profile?" (new NotFoundError("Could not open the file at C:\\Users\\anand\\AppData\\Local\\Temp\\rust_mozprofileVwKVjS\\search.json.mozlz4", (void 0)))
1654679004423	Marionette	INFO	Listening on port 56761
DevTools listening on ws://localhost:56755/devtools/browser/d9e79f08-94ad-4784-a047-f74dd2bfd458
1654679005018	RemoteAgent	WARN	TLS certificate errors will be ignored for this session
console.warn: LoginRecipes: "getRecipes: falling back to a synchronous message for:" "https://192.168.15.91"
console.warn: LoginRecipes: "getRecipes: falling back to a synchronous message for:" "https://192.168.15.91"
console.warn: "Async method failed in safeAsyncMethod" (new Error("Connection closed, pending request to server0.conn0.windowGlobal4294967309/customhighlighter35, type hide failed\n\nRequest stack:\nrequest@resource://devtools/shared/protocol/Front.js:292:14\ngenerateRequestMethods/</frontProto[name]@resource://devtools/shared/protocol/Front/FrontClassWithSpec.js:46:19\nhide@resource://devtools/client/fronts/highlighters.js:32:18\nexports.safeAsyncMethod/<@resource://devtools/shared/async-utils.js:61:25\nhideHighlighterType@resource://devtools/client/inspector/shared/highlighters-overlay.js:640:23\nexports.safeAsyncMethod/<@resource://devtools/shared/async-utils.js:61:25\n_beforeShowHighlighterTypeForNode@resource://devtools/client/inspector/shared/highlighters-overlay.js:356:22\nshowHighlighterTypeForNode@resource://devtools/client/inspector/shared/highlighters-overlay.js:543:26\nexports.safeAsyncMethod/<@resource://devtools/shared/async-utils.js:61:25\n_showBoxModel@resource://devtools/client/inspector/markup/markup.js:718:40\n_onNewSelection@resource://devtools/client/inspector/markup/markup.js:989:29\n_emit@resource://devtools/shared/event-emitter.js:242:32\nemit@resource://devtools/shared/event-emitter.js:186:18\nemit@resource://devtools/shared/event-emitter.js:330:18\nsetNodeFront@resource://devtools/client/framework/selection.js:206:10\nonDetached@resource://devtools/client/inspector/inspector.js:1693:20\n_emit@resource://devtools/shared/event-emitter.js:242:32\nemit@resource://devtools/shared/event-emitter.js:186:18\nemit@resource://devtools/shared/event-emitter.js:330:18\nonTargetDestroyed@resource://devtools/client/framework/selection.js:161:12\n_onTargetDestroyed@resource://devtools/client/framework/toolbox.js:780:22\n_emit@resource://devtools/shared/event-emitter.js:242:32\nemit@resource://devtools/shared/event-emitter.js:186:18\nemit@resource://devtools/shared/event-emitter.js:330:18\n_onTargetDestroyed@resource://devtools/shared/commands/target/target-command.js:277:28\n_emit@resource://devtools/shared/event-emitter.js:242:32\nemit@resource://devtools/shared/event-emitter.js:186:18\nemit@resource://devtools/shared/event-emitter.js:330:18\n_onTargetDestroyed@resource://devtools/client/fronts/watcher.js:74:12\n_emit@resource://devtools/shared/event-emitter.js:242:32\nemit@resource://devtools/shared/event-emitter.js:186:18\nemit@resource://devtools/shared/event-emitter.js:330:18\nonPacket@resource://devtools/shared/protocol/Front.js:336:13\nonPacket@resource://devtools/client/devtools-client.js:482:13\nsend/<@resource://devtools/shared/transport/local-transport.js:68:25\nexports.makeInfallible/<@resource://devtools/shared/ThreadSafeDevToolsUtils.js:103:22\nexports.makeInfallible/<@resource://devtools/shared/ThreadSafeDevToolsUtils.js:103:22\n", "resource://devtools/shared/protocol/Front.js", 106))
console.error: "Failed to start [root-node] legacy listener for target null" (new Error("Connection closed, pending request to server0.conn0.windowGlobal4294967315/domwalker24, type watchRootNode failed\n\nRequest stack:\nrequest@resource://devtools/shared/protocol/Front.js:292:14\ngenerateRequestMethods/</frontProto[name]@resource://devtools/shared/protocol/Front/FrontClassWithSpec.js:46:19\nmodule.exports@resource://devtools/shared/commands/resource/legacy-listeners/root-node.js:60:31\n", "resource://devtools/shared/protocol/Front.js", 106))
console.warn: LoginRecipes: "getRecipes: falling back to a synchronous message for:" "https://192.168.15.91"
console.warn: LoginRecipes: "getRecipes: falling back to a synchronous message for:" "https://192.168.15.91"
JavaScript error: resource://gre/modules/AsyncShutdown.jsm, line 575: NotFoundError: No such JSWindowActor 'DevToolsFrame'
JavaScript error: resource://gre/modules/AsyncShutdown.jsm, line 575: NotFoundError: No such JSWindowActor 'DevToolsFrame'
JavaScript error: resource://gre/modules/AsyncShutdown.jsm, line 575: NotFoundError: No such JSWindowActor 'DevToolsFrame'
JavaScript error: resource://gre/modules/AsyncShutdown.jsm, line 575: NotFoundError: No such JSWindowActor 'DevToolsFrame'
1654679315946	Marionette	INFO	Stopped listening on port 56761
[Parent 6660, IPC I/O Parent] WARNING: file /builds/worker/checkouts/gecko/ipc/chromium/src/base/process_util_win.cc:167
o settings file exists, new profile?" (new NotFoundError("Could not open the file at C:\\Users\\anand\\AppData\\Local\\Temp\\rust_mozprofilekhjbfW\\search.json.mozlz4", (void 0)))
1654679245541	Marionette	INFO	Listening on port 57164
DevTools listening on ws://localhost:57156/devtools/browser/33d6e570-5c95-452b-8531-8713c92f7d0c
1654679245636	RemoteAgent	WARN	TLS certificate errors will be ignored for this session
console.warn: LoginRecipes: "getRecipes: falling back to a synchronous message for:" "https://192.168.15.91"
console.warn: "Async method failed in safeAsyncMethod" (new Error("Connection closed, pending request to server0.conn0.windowGlobal4294967304/customhighlighter35, type hide failed\n\nRequest stack:\nrequest@resource://devtools/shared/protocol/Front.js:292:14\ngenerateRequestMethods/</frontProto[name]@resource://devtools/shared/protocol/Front/FrontClassWithSpec.js:46:19\nhide@resource://devtools/client/fronts/highlighters.js:32:18\nexports.safeAsyncMethod/<@resource://devtools/shared/async-utils.js:61:25\nhideHighlighterType@resource://devtools/client/inspector/shared/highlighters-overlay.js:640:23\nexports.safeAsyncMethod/<@resource://devtools/shared/async-utils.js:61:25\n_beforeShowHighlighterTypeForNode@resource://devtools/client/inspector/shared/highlighters-overlay.js:356:22\nshowHighlighterTypeForNode@resource://devtools/client/inspector/shared/highlighters-overlay.js:543:26\nexports.safeAsyncMethod/<@resource://devtools/shared/async-utils.js:61:25\n_showBoxModel@resource://devtools/client/inspector/markup/markup.js:718:40\n_onNewSelection@resource://devtools/client/inspector/markup/markup.js:989:29\n_emit@resource://devtools/shared/event-emitter.js:242:32\nemit@resource://devtools/shared/event-emitter.js:186:18\nemit@resource://devtools/shared/event-emitter.js:330:18\nsetNodeFront@resource://devtools/client/framework/selection.js:206:10\nonDetached@resource://devtools/client/inspector/inspector.js:1693:20\n_emit@resource://devtools/shared/event-emitter.js:242:32\nemit@resource://devtools/shared/event-emitter.js:186:18\nemit@resource://devtools/shared/event-emitter.js:330:18\nonTargetDestroyed@resource://devtools/client/framework/selection.js:161:12\n_onTargetDestroyed@resource://devtools/client/framework/toolbox.js:780:22\n_emit@resource://devtools/shared/event-emitter.js:242:32\nemit@resource://devtools/shared/event-emitter.js:186:18\nemit@resource://devtools/shared/event-emitter.js:330:18\n_onTargetDestroyed@resource://devtools/shared/commands/target/target-command.js:277:28\n_emit@resource://devtools/shared/event-emitter.js:242:32\nemit@resource://devtools/shared/event-emitter.js:186:18\nemit@resource://devtools/shared/event-emitter.js:330:18\n_onTargetDestroyed@resource://devtools/client/fronts/watcher.js:74:12\n_emit@resource://devtools/shared/event-emitter.js:242:32\nemit@resource://devtools/shared/event-emitter.js:186:18\nemit@resource://devtools/shared/event-emitter.js:330:18\nonPacket@resource://devtools/shared/protocol/Front.js:336:13\nonPacket@resource://devtools/client/devtools-client.js:482:13\nsend/<@resource://devtools/shared/transport/local-transport.js:68:25\nexports.makeInfallible/<@resource://devtools/shared/ThreadSafeDevToolsUtils.js:103:22\nexports.makeInfallible/<@resource://devtools/shared/ThreadSafeDevToolsUtils.js:103:22\n", "resource://devtools/shared/protocol/Front.js", 106))
JavaScript error: resource://gre/modules/AsyncShutdown.jsm, line 575: NotFoundError: No such JSWindowActor 'DevToolsFrame'
JavaScript error: resource://gre/modules/AsyncShutdown.jsm, line 575: NotFoundError: No such JSWindowActor 'DevToolsFrame'
JavaScript error: resource://gre/modules/AsyncShutdown.jsm, line 575: NotFoundError: No such JSWindowActor 'DevToolsFrame'
JavaScript error: resource://gre/modules/AsyncShutdown.jsm, line 575: NotFoundError: No such JSWindowActor 'DevToolsFrame'
1654679308612	Marionette	INFO	Stopped listening on port 57164
